# JRE version: Java(TM) SE Runtime Environment (8.0_101-b13) (build 1.8.0_101-b13)
# Java VM: Java HotSpot(TM) 64-Bit Server VM (25.101-b13 mixed mode windows-amd64 compressed oops)
Heap:
 PSYoungGen      total 985600K, used 791239K [0x000000076ae00000, 0x00000007b9c00000, 0x00000007c0000000)
  eden space 864768K, 79% used [0x000000076ae00000,0x0000000794df99e8,0x000000079fa80000)
  from space 120832K, 85% used [0x00000007aac00000,0x00000007b10b8220,0x00000007b2200000)
  to   space 181760K, 0% used [0x000000079fa80000,0x000000079fa80000,0x00000007aac00000)
 ParOldGen       total 544768K, used 290933K [0x00000006c0a00000, 0x00000006e1e00000, 0x000000076ae00000)
  object space 544768K, 53% used [0x00000006c0a00000,0x00000006d261d718,0x00000006e1e00000)
 Metaspace       used 14169K, capacity 15582K, committed 15872K, reserved 1062912K
  class space    used 1695K, capacity 1932K, committed 2048K, reserved 1048576K
GC Heap History (10 events):
Event: 10.278 GC heap before
{Heap before GC invocations=16 (full 0):
 PSYoungGen      total 535552K, used 535460K [0x000000076ae00000, 0x00000007a2f00000, 0x00000007c0000000)
  eden space 497664K, 99% used [0x000000076ae00000,0x00000007893ea250,0x0000000789400000)
  from space 37888K, 99% used [0x0000000789400000,0x000000078b8fedc0,0x000000078b900000)
  to   space 60928K, 0% used [0x000000079f380000,0x000000079f380000,0x00000007a2f00000)
 ParOldGen       total 175104K, used 136180K [0x00000006c0a00000, 0x00000006cb500000, 0x000000076ae00000)
  object space 175104K, 77% used [0x00000006c0a00000,0x00000006c8efd1a0,0x00000006cb500000)
 Metaspace       used 13267K, capacity 14650K, committed 14720K, reserved 1062912K
  class space    used 1615K, capacity 1876K, committed 1920K, reserved 1048576K
Event: 10.339 GC heap after
Heap after GC invocations=16 (full 0):
 PSYoungGen      total 829440K, used 60900K [0x000000076ae00000, 0x00000007a6600000, 0x00000007c0000000)
  eden space 768512K, 0% used [0x000000076ae00000,0x000000076ae00000,0x0000000799c80000)
  from space 60928K, 99% used [0x000000079f380000,0x00000007a2ef9070,0x00000007a2f00000)
  to   space 89088K, 0% used [0x0000000799c80000,0x0000000799c80000,0x000000079f380000)
 ParOldGen       total 181760K, used 180847K [0x00000006c0a00000, 0x00000006cbb80000, 0x000000076ae00000)
  object space 181760K, 99% used [0x00000006c0a00000,0x00000006cba9bc28,0x00000006cbb80000)
 Metaspace       used 13267K, capacity 14650K, committed 14720K, reserved 1062912K
  class space    used 1615K, capacity 1876K, committed 1920K, reserved 1048576K
}
Event: 10.339 GC heap before
{Heap before GC invocations=17 (full 1):
 PSYoungGen      total 829440K, used 60900K [0x000000076ae00000, 0x00000007a6600000, 0x00000007c0000000)
  eden space 768512K, 0% used [0x000000076ae00000,0x000000076ae00000,0x0000000799c80000)
  from space 60928K, 99% used [0x000000079f380000,0x00000007a2ef9070,0x00000007a2f00000)
  to   space 89088K, 0% used [0x0000000799c80000,0x0000000799c80000,0x000000079f380000)
 ParOldGen       total 181760K, used 180847K [0x00000006c0a00000, 0x00000006cbb80000, 0x000000076ae00000)
  object space 181760K, 99% used [0x00000006c0a00000,0x00000006cba9bc28,0x00000006cbb80000)
 Metaspace       used 13267K, capacity 14650K, committed 14720K, reserved 1062912K
  class space    used 1615K, capacity 1876K, committed 1920K, reserved 1048576K
Event: 10.720 GC heap after
Heap after GC invocations=17 (full 1):
 PSYoungGen      total 829440K, used 0K [0x000000076ae00000, 0x00000007a6600000, 0x00000007c0000000)
  eden space 768512K, 0% used [0x000000076ae00000,0x000000076ae00000,0x0000000799c80000)
  from space 60928K, 0% used [0x000000079f380000,0x000000079f380000,0x00000007a2f00000)
  to   space 89088K, 0% used [0x0000000799c80000,0x0000000799c80000,0x000000079f380000)
 ParOldGen       total 291328K, used 145432K [0x00000006c0a00000, 0x00000006d2680000, 0x000000076ae00000)
  object space 291328K, 49% used [0x00000006c0a00000,0x00000006c9806058,0x00000006d2680000)
 Metaspace       used 13267K, capacity 14650K, committed 14720K, reserved 1062912K
  class space    used 1615K, capacity 1876K, committed 1920K, reserved 1048576K
}
Event: 12.193 GC heap before
{Heap before GC invocations=18 (full 1):
 PSYoungGen      total 829440K, used 768512K [0x000000076ae00000, 0x00000007a6600000, 0x00000007c0000000)
  eden space 768512K, 100% used [0x000000076ae00000,0x0000000799c80000,0x0000000799c80000)
  from space 60928K, 0% used [0x000000079f380000,0x000000079f380000,0x00000007a2f00000)
  to   space 89088K, 0% used [0x0000000799c80000,0x0000000799c80000,0x000000079f380000)
 ParOldGen       total 291328K, used 145432K [0x00000006c0a00000, 0x00000006d2680000, 0x000000076ae00000)
  object space 291328K, 49% used [0x00000006c0a00000,0x00000006c9806058,0x00000006d2680000)
 Metaspace       used 13291K, capacity 14650K, committed 14720K, reserved 1062912K
  class space    used 1615K, capacity 1876K, committed 1920K, reserved 1048576K
Event: 12.268 GC heap after
Heap after GC invocations=18 (full 1):
 PSYoungGen      total 857600K, used 89069K [0x000000076ae00000, 0x00000007b2200000, 0x00000007c0000000)
  eden space 768512K, 0% used [0x000000076ae00000,0x000000076ae00000,0x0000000799c80000)
  from space 89088K, 99% used [0x0000000799c80000,0x000000079f37b680,0x000000079f380000)
  to   space 120832K, 0% used [0x00000007aac00000,0x00000007aac00000,0x00000007b2200000)
 ParOldGen       total 291328K, used 186634K [0x00000006c0a00000, 0x00000006d2680000, 0x000000076ae00000)
  object space 291328K, 64% used [0x00000006c0a00000,0x00000006cc0428d0,0x00000006d2680000)
 Metaspace       used 13291K, capacity 14650K, committed 14720K, reserved 1062912K
  class space    used 1615K, capacity 1876K, committed 1920K, reserved 1048576K
}
Event: 14.962 GC heap before
{Heap before GC invocations=19 (full 1):
 PSYoungGen      total 857600K, used 857581K [0x000000076ae00000, 0x00000007b2200000, 0x00000007c0000000)
  eden space 768512K, 100% used [0x000000076ae00000,0x0000000799c80000,0x0000000799c80000)
  from space 89088K, 99% used [0x0000000799c80000,0x000000079f37b680,0x000000079f380000)
  to   space 120832K, 0% used [0x00000007aac00000,0x00000007aac00000,0x00000007b2200000)
 ParOldGen       total 291328K, used 186634K [0x00000006c0a00000, 0x00000006d2680000, 0x000000076ae00000)
  object space 291328K, 64% used [0x00000006c0a00000,0x00000006cc0428d0,0x00000006d2680000)
 Metaspace       used 13902K, capacity 15248K, committed 15616K, reserved 1062912K
  class space    used 1674K, capacity 1921K, committed 2048K, reserved 1048576K
Event: 15.083 GC heap after
Heap after GC invocations=19 (full 1):
 PSYoungGen      total 985600K, used 120807K [0x000000076ae00000, 0x00000007b9c00000, 0x00000007c0000000)
  eden space 864768K, 0% used [0x000000076ae00000,0x000000076ae00000,0x000000079fa80000)
  from space 120832K, 99% used [0x00000007aac00000,0x00000007b21f9c08,0x00000007b2200000)
  to   space 181760K, 0% used [0x000000079fa80000,0x000000079fa80000,0x00000007aac00000)
 ParOldGen       total 291328K, used 289772K [0x00000006c0a00000, 0x00000006d2680000, 0x000000076ae00000)
  object space 291328K, 99% used [0x00000006c0a00000,0x00000006d24fb100,0x00000006d2680000)
 Metaspace       used 13902K, capacity 15248K, committed 15616K, reserved 1062912K
  class space    used 1674K, capacity 1921K, committed 2048K, reserved 1048576K
}
Event: 15.083 GC heap before
{Heap before GC invocations=20 (full 2):
 PSYoungGen      total 985600K, used 120807K [0x000000076ae00000, 0x00000007b9c00000, 0x00000007c0000000)
  eden space 864768K, 0% used [0x000000076ae00000,0x000000076ae00000,0x000000079fa80000)
  from space 120832K, 99% used [0x00000007aac00000,0x00000007b21f9c08,0x00000007b2200000)
  to   space 181760K, 0% used [0x000000079fa80000,0x000000079fa80000,0x00000007aac00000)
 ParOldGen       total 291328K, used 289772K [0x00000006c0a00000, 0x00000006d2680000, 0x000000076ae00000)
  object space 291328K, 99% used [0x00000006c0a00000,0x00000006d24fb100,0x00000006d2680000)
 Metaspace       used 13902K, capacity 15248K, committed 15616K, reserved 1062912K
  class space    used 1674K, capacity 1921K, committed 2048K, reserved 1048576K
Event: 16.091 GC heap after
Heap after GC invocations=20 (full 2):
 PSYoungGen      total 985600K, used 103136K [0x000000076ae00000, 0x00000007b9c00000, 0x00000007c0000000)
  eden space 864768K, 0% used [0x000000076ae00000,0x000000076ae00000,0x000000079fa80000)
  from space 120832K, 85% used [0x00000007aac00000,0x00000007b10b8220,0x00000007b2200000)
  to   space 181760K, 0% used [0x000000079fa80000,0x000000079fa80000,0x00000007aac00000)
 ParOldGen       total 544768K, used 290933K [0x00000006c0a00000, 0x00000006e1e00000, 0x000000076ae00000)
  object space 544768K, 53% used [0x00000006c0a00000,0x00000006d261d718,0x00000006e1e00000)
 Metaspace       used 13902K, capacity 15248K, committed 15616K, reserved 1062912K
  class space    used 1674K, capacity 1921K, committed 2048K, reserved 1048576K
}

