# JRE version: Java(TM) SE Runtime Environment (8.0_101-b13) (build 1.8.0_101-b13)
# Java VM: Java HotSpot(TM) 64-Bit Server VM (25.101-b13 mixed mode windows-amd64 compressed oops)
Heap:
 PSYoungGen      total 993280K, used 795532K [0x000000076ae00000, 0x00000007baa80000, 0x00000007c0000000)
  eden space 870912K, 79% used [0x000000076ae00000,0x00000007953215d8,0x00000007a0080000)
  from space 122368K, 83% used [0x00000007ab580000,0x00000007b1941a68,0x00000007b2d00000)
  to   space 185344K, 0% used [0x00000007a0080000,0x00000007a0080000,0x00000007ab580000)
 ParOldGen       total 539648K, used 291928K [0x00000006c0a00000, 0x00000006e1900000, 0x000000076ae00000)
  object space 539648K, 54% used [0x00000006c0a00000,0x00000006d2716088,0x00000006e1900000)
 Metaspace       used 14318K, capacity 15644K, committed 15872K, reserved 1062912K
  class space    used 1715K, capacity 1935K, committed 2048K, reserved 1048576K
GC Heap History (10 events):
Event: 9.885 GC heap before
{Heap before GC invocations=16 (full 0):
 PSYoungGen      total 537088K, used 536979K [0x000000076ae00000, 0x00000007a3100000, 0x00000007c0000000)
  eden space 497664K, 99% used [0x000000076ae00000,0x00000007893ea970,0x0000000789400000)
  from space 39424K, 99% used [0x0000000789400000,0x000000078ba7a688,0x000000078ba80000)
  to   space 61952K, 0% used [0x000000079f480000,0x000000079f480000,0x00000007a3100000)
 ParOldGen       total 175104K, used 137233K [0x00000006c0a00000, 0x00000006cb500000, 0x000000076ae00000)
  object space 175104K, 78% used [0x00000006c0a00000,0x00000006c90047d0,0x00000006cb500000)
 Metaspace       used 13269K, capacity 14654K, committed 14720K, reserved 1062912K
  class space    used 1614K, capacity 1876K, committed 1920K, reserved 1048576K
Event: 9.941 GC heap after
Heap after GC invocations=16 (full 0):
 PSYoungGen      total 829440K, used 61924K [0x000000076ae00000, 0x00000007a6a00000, 0x00000007c0000000)
  eden space 767488K, 0% used [0x000000076ae00000,0x000000076ae00000,0x0000000799b80000)
  from space 61952K, 99% used [0x000000079f480000,0x00000007a30f9070,0x00000007a3100000)
  to   space 91136K, 0% used [0x0000000799b80000,0x0000000799b80000,0x000000079f480000)
 ParOldGen       total 183296K, used 183249K [0x00000006c0a00000, 0x00000006cbd00000, 0x000000076ae00000)
  object space 183296K, 99% used [0x00000006c0a00000,0x00000006cbcf4598,0x00000006cbd00000)
 Metaspace       used 13269K, capacity 14654K, committed 14720K, reserved 1062912K
  class space    used 1614K, capacity 1876K, committed 1920K, reserved 1048576K
}
Event: 9.941 GC heap before
{Heap before GC invocations=17 (full 1):
 PSYoungGen      total 829440K, used 61924K [0x000000076ae00000, 0x00000007a6a00000, 0x00000007c0000000)
  eden space 767488K, 0% used [0x000000076ae00000,0x000000076ae00000,0x0000000799b80000)
  from space 61952K, 99% used [0x000000079f480000,0x00000007a30f9070,0x00000007a3100000)
  to   space 91136K, 0% used [0x0000000799b80000,0x0000000799b80000,0x000000079f480000)
 ParOldGen       total 183296K, used 183249K [0x00000006c0a00000, 0x00000006cbd00000, 0x000000076ae00000)
  object space 183296K, 99% used [0x00000006c0a00000,0x00000006cbcf4598,0x00000006cbd00000)
 Metaspace       used 13269K, capacity 14654K, committed 14720K, reserved 1062912K
  class space    used 1614K, capacity 1876K, committed 1920K, reserved 1048576K
Event: 10.292 GC heap after
Heap after GC invocations=17 (full 1):
 PSYoungGen      total 829440K, used 0K [0x000000076ae00000, 0x00000007a6a00000, 0x00000007c0000000)
  eden space 767488K, 0% used [0x000000076ae00000,0x000000076ae00000,0x0000000799b80000)
  from space 61952K, 0% used [0x000000079f480000,0x000000079f480000,0x00000007a3100000)
  to   space 91136K, 0% used [0x0000000799b80000,0x0000000799b80000,0x000000079f480000)
 ParOldGen       total 288768K, used 145434K [0x00000006c0a00000, 0x00000006d2400000, 0x000000076ae00000)
  object space 288768K, 50% used [0x00000006c0a00000,0x00000006c98069a8,0x00000006d2400000)
 Metaspace       used 13269K, capacity 14654K, committed 14720K, reserved 1062912K
  class space    used 1614K, capacity 1876K, committed 1920K, reserved 1048576K
}
Event: 11.694 GC heap before
{Heap before GC invocations=18 (full 1):
 PSYoungGen      total 829440K, used 767488K [0x000000076ae00000, 0x00000007a6a00000, 0x00000007c0000000)
  eden space 767488K, 100% used [0x000000076ae00000,0x0000000799b80000,0x0000000799b80000)
  from space 61952K, 0% used [0x000000079f480000,0x000000079f480000,0x00000007a3100000)
  to   space 91136K, 0% used [0x0000000799b80000,0x0000000799b80000,0x000000079f480000)
 ParOldGen       total 288768K, used 145434K [0x00000006c0a00000, 0x00000006d2400000, 0x000000076ae00000)
  object space 288768K, 50% used [0x00000006c0a00000,0x00000006c98069a8,0x00000006d2400000)
 Metaspace       used 13293K, capacity 14654K, committed 14720K, reserved 1062912K
  class space    used 1614K, capacity 1876K, committed 1920K, reserved 1048576K
Event: 11.759 GC heap after
Heap after GC invocations=18 (full 1):
 PSYoungGen      total 858624K, used 91113K [0x000000076ae00000, 0x00000007b2d00000, 0x00000007c0000000)
  eden space 767488K, 0% used [0x000000076ae00000,0x000000076ae00000,0x0000000799b80000)
  from space 91136K, 99% used [0x0000000799b80000,0x000000079f47a5b8,0x000000079f480000)
  to   space 122368K, 0% used [0x00000007ab580000,0x00000007ab580000,0x00000007b2d00000)
 ParOldGen       total 288768K, used 183961K [0x00000006c0a00000, 0x00000006d2400000, 0x000000076ae00000)
  object space 288768K, 63% used [0x00000006c0a00000,0x00000006cbda65e8,0x00000006d2400000)
 Metaspace       used 13293K, capacity 14654K, committed 14720K, reserved 1062912K
  class space    used 1614K, capacity 1876K, committed 1920K, reserved 1048576K
}
Event: 14.292 GC heap before
{Heap before GC invocations=19 (full 1):
 PSYoungGen      total 858624K, used 858601K [0x000000076ae00000, 0x00000007b2d00000, 0x00000007c0000000)
  eden space 767488K, 100% used [0x000000076ae00000,0x0000000799b80000,0x0000000799b80000)
  from space 91136K, 99% used [0x0000000799b80000,0x000000079f47a5b8,0x000000079f480000)
  to   space 122368K, 0% used [0x00000007ab580000,0x00000007ab580000,0x00000007b2d00000)
 ParOldGen       total 288768K, used 183961K [0x00000006c0a00000, 0x00000006d2400000, 0x000000076ae00000)
  object space 288768K, 63% used [0x00000006c0a00000,0x00000006cbda65e8,0x00000006d2400000)
 Metaspace       used 13900K, capacity 15252K, committed 15616K, reserved 1062912K
  class space    used 1673K, capacity 1921K, committed 2048K, reserved 1048576K
Event: 14.413 GC heap after
Heap after GC invocations=19 (full 1):
 PSYoungGen      total 993280K, used 122365K [0x000000076ae00000, 0x00000007baa80000, 0x00000007c0000000)
  eden space 870912K, 0% used [0x000000076ae00000,0x000000076ae00000,0x00000007a0080000)
  from space 122368K, 99% used [0x00000007ab580000,0x00000007b2cff650,0x00000007b2d00000)
  to   space 185344K, 0% used [0x00000007a0080000,0x00000007a0080000,0x00000007ab580000)
 ParOldGen       total 292352K, used 291942K [0x00000006c0a00000, 0x00000006d2780000, 0x000000076ae00000)
  object space 292352K, 99% used [0x00000006c0a00000,0x00000006d27199b0,0x00000006d2780000)
 Metaspace       used 13900K, capacity 15252K, committed 15616K, reserved 1062912K
  class space    used 1673K, capacity 1921K, committed 2048K, reserved 1048576K
}
Event: 14.413 GC heap before
{Heap before GC invocations=20 (full 2):
 PSYoungGen      total 993280K, used 122365K [0x000000076ae00000, 0x00000007baa80000, 0x00000007c0000000)
  eden space 870912K, 0% used [0x000000076ae00000,0x000000076ae00000,0x00000007a0080000)
  from space 122368K, 99% used [0x00000007ab580000,0x00000007b2cff650,0x00000007b2d00000)
  to   space 185344K, 0% used [0x00000007a0080000,0x00000007a0080000,0x00000007ab580000)
 ParOldGen       total 292352K, used 291942K [0x00000006c0a00000, 0x00000006d2780000, 0x000000076ae00000)
  object space 292352K, 99% used [0x00000006c0a00000,0x00000006d27199b0,0x00000006d2780000)
 Metaspace       used 13900K, capacity 15252K, committed 15616K, reserved 1062912K
  class space    used 1673K, capacity 1921K, committed 2048K, reserved 1048576K
Event: 15.297 GC heap after
Heap after GC invocations=20 (full 2):
 PSYoungGen      total 993280K, used 102150K [0x000000076ae00000, 0x00000007baa80000, 0x00000007c0000000)
  eden space 870912K, 0% used [0x000000076ae00000,0x000000076ae00000,0x00000007a0080000)
  from space 122368K, 83% used [0x00000007ab580000,0x00000007b1941a68,0x00000007b2d00000)
  to   space 185344K, 0% used [0x00000007a0080000,0x00000007a0080000,0x00000007ab580000)
 ParOldGen       total 539648K, used 291928K [0x00000006c0a00000, 0x00000006e1900000, 0x000000076ae00000)
  object space 539648K, 54% used [0x00000006c0a00000,0x00000006d2716088,0x00000006e1900000)
 Metaspace       used 13900K, capacity 15252K, committed 15616K, reserved 1062912K
  class space    used 1673K, capacity 1921K, committed 2048K, reserved 1048576K
}

