Maven errors: 0
Gradle errors: 0
Unsolved types: 30
Unsupported errors: 11
Unknown ancestral: 0
Unknown signaler: 69

GENERAL ERRORS
Falha em ArtifactResolver. O arquivo java não possui package declaration. File: D:\Desenvolvimento\Projetos Github\running\bazelbuild bazel\third_party\protobuf\3.2.0\examples\AddPerson.java
Falha em ArtifactResolver. O arquivo java não possui package declaration. File: D:\Desenvolvimento\Projetos Github\running\bazelbuild bazel\third_party\protobuf\3.2.0\examples\ListPeople.java
Falha em ArtifactResolver. O arquivo java não possui package declaration. File: D:\Desenvolvimento\Projetos Github\running\bazelbuild bazel\third_party\protobuf\3.2.0\conformance\ConformanceJava.java
Falha em ArtifactResolver. O arquivo java não possui package declaration. File: D:\Desenvolvimento\Projetos Github\running\bazelbuild bazel\third_party\protobuf\3.2.0\conformance\ConformanceJavaLite.java
Falha em ArtifactResolver. O arquivo java não é válido. File: D:\Desenvolvimento\Projetos Github\running\bazelbuild bazel\third_party\protobuf\3.2.0\benchmarks\ProtoBench.java
Falha em ArtifactResolver. O arquivo java não possui package declaration. File: D:\Desenvolvimento\Projetos Github\running\bazelbuild bazel\third_party\ijar\test\A.java
Falha em ArtifactResolver. O arquivo java não possui package declaration. File: D:\Desenvolvimento\Projetos Github\running\bazelbuild bazel\third_party\ijar\test\AnnotatedClass.java
Falha em ArtifactResolver. O arquivo java não possui package declaration. File: D:\Desenvolvimento\Projetos Github\running\bazelbuild bazel\third_party\ijar\test\Annotations.java
Falha em ArtifactResolver. O arquivo java não possui package declaration. File: D:\Desenvolvimento\Projetos Github\running\bazelbuild bazel\third_party\ijar\test\B.java
Falha em ArtifactResolver. O arquivo java não possui package declaration. File: D:\Desenvolvimento\Projetos Github\running\bazelbuild bazel\third_party\ijar\test\DeprecatedParts.java
Falha em ArtifactResolver. O arquivo java não possui package declaration. File: D:\Desenvolvimento\Projetos Github\running\bazelbuild bazel\third_party\ijar\test\DumbClass.java
Falha em ArtifactResolver. O arquivo java não possui package declaration. File: D:\Desenvolvimento\Projetos Github\running\bazelbuild bazel\third_party\ijar\test\EnclosingMethod.java
Falha em ArtifactResolver. O arquivo java não possui package declaration. File: D:\Desenvolvimento\Projetos Github\running\bazelbuild bazel\third_party\ijar\test\IjarTests.java
Falha em ArtifactResolver. O arquivo java não possui package declaration. File: D:\Desenvolvimento\Projetos Github\running\bazelbuild bazel\third_party\ijar\test\LocalAndAnonymous.java
Falha em ArtifactResolver. O arquivo java não é válido. File: D:\Desenvolvimento\Projetos Github\running\bazelbuild bazel\third_party\ijar\test\Object.java
Falha em ArtifactResolver. O arquivo java não possui package declaration. File: D:\Desenvolvimento\Projetos Github\running\bazelbuild bazel\third_party\ijar\test\package-info.java
Falha em ArtifactResolver. O arquivo java não possui package declaration. File: D:\Desenvolvimento\Projetos Github\running\bazelbuild bazel\third_party\ijar\test\PrivateMembersClass.java
Falha em ArtifactResolver. O arquivo java não possui package declaration. File: D:\Desenvolvimento\Projetos Github\running\bazelbuild bazel\third_party\ijar\test\PrivateNestedClass.java
Falha em ArtifactResolver. O arquivo java não possui package declaration. File: D:\Desenvolvimento\Projetos Github\running\bazelbuild bazel\third_party\ijar\test\StripVerifyingVisitor.java
Falha em ArtifactResolver. O arquivo java não possui package declaration. File: D:\Desenvolvimento\Projetos Github\running\bazelbuild bazel\third_party\ijar\test\TypeAnnotationTest2.java
Falha em ArtifactResolver. O arquivo java não possui package declaration. File: D:\Desenvolvimento\Projetos Github\running\bazelbuild bazel\third_party\ijar\test\UseDeprecatedParts.java
Falha em ArtifactResolver. O arquivo java não possui package declaration. File: D:\Desenvolvimento\Projetos Github\running\bazelbuild bazel\third_party\ijar\test\UseRestrictedAnnotation.java
Falha em ArtifactResolver. O arquivo java não possui package declaration. File: D:\Desenvolvimento\Projetos Github\running\bazelbuild bazel\third_party\ijar\test\WellCompressed1.java
Falha em ArtifactResolver. O arquivo java não possui package declaration. File: D:\Desenvolvimento\Projetos Github\running\bazelbuild bazel\third_party\ijar\test\WellCompressed2.java
Falha em ArtifactResolver. O arquivo java não possui package declaration. File: D:\Desenvolvimento\Projetos Github\running\bazelbuild bazel\third_party\ijar\test\typeannotations2\NonNull.java
Falha em ArtifactResolver. O arquivo java não possui package declaration. File: D:\Desenvolvimento\Projetos Github\running\bazelbuild bazel\third_party\ijar\test\typeannotations2\Nullable.java
Falha em ArtifactResolver. O arquivo java não possui package declaration. File: D:\Desenvolvimento\Projetos Github\running\bazelbuild bazel\third_party\ijar\test\typeannotations2\Util.java
Falha em ArtifactResolver. O arquivo java não possui package declaration. File: D:\Desenvolvimento\Projetos Github\running\bazelbuild bazel\third_party\ijar\test\invokedynamic\ClassWithLambda.java

MAVEN ERROR FILES

GRADLE ERROR FILES

UNSOLVED ERROR FILES
Falha no Analyzer. Classe 'Unsolved symbol : ActionCacheImplBase' não encontrada. File: D:\Desenvolvimento\Projetos Github\running\bazelbuild bazel\src\tools\remote_worker\src\main\java\com\google\devtools\build\remote\ActionCacheServer.java
Falha no Analyzer. Classe 'Unsolved symbol : ByteStreamImplBase' não encontrada. File: D:\Desenvolvimento\Projetos Github\running\bazelbuild bazel\src\tools\remote_worker\src\main\java\com\google\devtools\build\remote\ByteStreamServer.java
Falha no Analyzer. Classe 'Unsolved symbol : ContentAddressableStorageImplBase' não encontrada. File: D:\Desenvolvimento\Projetos Github\running\bazelbuild bazel\src\tools\remote_worker\src\main\java\com\google\devtools\build\remote\CasServer.java
Falha no Analyzer. Classe 'Unsolved symbol : ExecutionImplBase' não encontrada. File: D:\Desenvolvimento\Projetos Github\running\bazelbuild bazel\src\tools\remote_worker\src\main\java\com\google\devtools\build\remote\ExecutionServer.java
Falha no Analyzer. Classe 'Unsolved symbol : WatcherImplBase' não encontrada. File: D:\Desenvolvimento\Projetos Github\running\bazelbuild bazel\src\tools\remote_worker\src\main\java\com\google\devtools\build\remote\WatcherServer.java
Falha no Analyzer. Classe 'Unsolved symbol : PngException' não encontrada. File: D:\Desenvolvimento\Projetos Github\running\bazelbuild bazel\src\tools\android\java\com\google\devtools\build\android\AndroidDataWriter.java
Falha no Analyzer. Classe 'Unsolved symbol : MergeFailureException' não encontrada. File: D:\Desenvolvimento\Projetos Github\running\bazelbuild bazel\src\tools\android\java\com\google\devtools\build\android\AndroidManifestProcessor.java
Falha no Analyzer. Classe 'Unsolved symbol : PngCruncher' não encontrada. File: D:\Desenvolvimento\Projetos Github\running\bazelbuild bazel\src\tools\android\java\com\google\devtools\build\android\AndroidResourceMergingAction.java
Falha no Analyzer. Classe 'Unsolved symbol : LoggedErrorException' não encontrada. File: D:\Desenvolvimento\Projetos Github\running\bazelbuild bazel\src\tools\android\java\com\google\devtools\build\android\AndroidResourceProcessingAction.java
Falha no Analyzer. Classe 'Unsolved symbol : LoggedErrorException' não encontrada. File: D:\Desenvolvimento\Projetos Github\running\bazelbuild bazel\src\tools\android\java\com\google\devtools\build\android\AndroidResourceProcessor.java
Falha no Analyzer. Classe 'Unsolved symbol : XMLStreamException' não encontrada. File: D:\Desenvolvimento\Projetos Github\running\bazelbuild bazel\src\tools\android\java\com\google\devtools\build\android\DataResourceXml.java
Falha no Analyzer. Classe 'Unsolved symbol : XMLStreamException' não encontrada. File: D:\Desenvolvimento\Projetos Github\running\bazelbuild bazel\src\tools\android\java\com\google\devtools\build\android\DataValueFileWithIds.java
Falha no Analyzer. Classe 'Unsolved symbol : AaptCruncher' não encontrada. File: D:\Desenvolvimento\Projetos Github\running\bazelbuild bazel\src\tools\android\java\com\google\devtools\build\android\NinePatchOnlyCruncher.java
Falha no Analyzer. Classe 'Unsolved symbol : XMLStreamException' não encontrada. File: D:\Desenvolvimento\Projetos Github\running\bazelbuild bazel\src\tools\android\java\com\google\devtools\build\android\ParsedAndroidData.java
Falha no Analyzer. Classe 'Unsolved symbol : GenericKeyedObjectPool' não encontrada. File: D:\Desenvolvimento\Projetos Github\running\bazelbuild bazel\src\main\java\com\google\devtools\build\lib\worker\WorkerPool.java
Falha no Analyzer. Classe 'Unsolved symbol : StatusRuntimeException' não encontrada. File: D:\Desenvolvimento\Projetos Github\running\bazelbuild bazel\src\main\java\com\google\devtools\build\lib\server\GrpcServerImpl.java
Falha no Analyzer. Classe 'Unsolved symbol : StatusRuntimeException' não encontrada. File: D:\Desenvolvimento\Projetos Github\running\bazelbuild bazel\src\main\java\com\google\devtools\build\lib\remote\CachedLocalSpawnRunner.java
Falha no Analyzer. Classe 'Unsolved symbol : StatusRuntimeException' não encontrada. File: D:\Desenvolvimento\Projetos Github\running\bazelbuild bazel\src\main\java\com\google\devtools\build\lib\remote\GrpcRemoteCache.java
Falha no Analyzer. Classe 'Unsolved symbol : StatusRuntimeException' não encontrada. File: D:\Desenvolvimento\Projetos Github\running\bazelbuild bazel\src\main\java\com\google\devtools\build\lib\remote\GrpcRemoteExecutor.java
Falha no Analyzer. Classe 'Unsolved symbol : StatusException' não encontrada. File: D:\Desenvolvimento\Projetos Github\running\bazelbuild bazel\src\main\java\com\google\devtools\build\lib\remote\Retrier.java
Falha no Analyzer. Classe 'Unsolved symbol : XMLStreamException' não encontrada. File: D:\Desenvolvimento\Projetos Github\running\bazelbuild bazel\src\main\java\com\google\devtools\build\lib\exec\TestXmlOutputParser.java
Falha no Analyzer. Classe 'Unsolved symbol : GitAPIException' não encontrada. File: D:\Desenvolvimento\Projetos Github\running\bazelbuild bazel\src\main\java\com\google\devtools\build\lib\bazel\repository\GitCloner.java
Falha no Analyzer. Classe 'Unsolved symbol : ArtifactResolutionException' não encontrada. File: D:\Desenvolvimento\Projetos Github\running\bazelbuild bazel\src\main\java\com\google\devtools\build\lib\bazel\repository\MavenDownloader.java
Falha no Analyzer. Classe 'Unsolved symbol : SettingsBuildingException' não encontrada. File: D:\Desenvolvimento\Projetos Github\running\bazelbuild bazel\src\main\java\com\google\devtools\build\lib\bazel\repository\MavenServerFunction.java
Falha no Analyzer. Classe 'Unsolved symbol : ResourceNotFoundException' não encontrada. File: D:\Desenvolvimento\Projetos Github\running\bazelbuild bazel\src\main\java\com\google\devtools\build\docgen\Page.java
Falha no Analyzer. Classe 'Unsolved symbol : SignalHandler' não encontrada. File: D:\Desenvolvimento\Projetos Github\running\bazelbuild bazel\src\java_tools\junitrunner\java\com\google\testing\junit\runner\internal\junit4\JUnit4TestXmlListener.java
Falha no Analyzer. Classe 'Unsolved symbol : AbstractProcessor' não encontrada. File: D:\Desenvolvimento\Projetos Github\running\bazelbuild bazel\src\java_tools\buildjar\javatests\com\google\devtools\build\java\turbine\javac\JavacTurbineTest.java
Falha no Analyzer. Classe 'Unsolved symbol : TurbineError' não encontrada. File: D:\Desenvolvimento\Projetos Github\running\bazelbuild bazel\src\java_tools\buildjar\java\com\google\devtools\build\java\turbine\Turbine.java
Falha no Analyzer. Classe 'Unsolved symbol : PropagatedException' não encontrada. File: D:\Desenvolvimento\Projetos Github\running\bazelbuild bazel\src\java_tools\buildjar\java\com\google\devtools\build\buildjar\javac\BlazeJavacMain.java
Falha no Analyzer. Classe 'Unsolved symbol : InvalidCommandLineOptionException' não encontrada. File: D:\Desenvolvimento\Projetos Github\running\bazelbuild bazel\src\java_tools\buildjar\java\com\google\devtools\build\buildjar\javac\plugins\errorprone\ErrorPronePlugin.java

UNSUPPORTED ERROR FILES
Falha no Analyzer. UnsupportedOperation ao parsear arquivo. File: D:\Desenvolvimento\Projetos Github\running\bazelbuild bazel\third_party\protobuf\3.2.0\ruby\src\main\java\com\google\protobuf\jruby\SentinelOuterClass.java
Falha no Analyzer. UnsupportedOperation ao parsear arquivo. File: D:\Desenvolvimento\Projetos Github\running\bazelbuild bazel\third_party\protobuf\3.2.0\java\util\src\main\java\com\google\protobuf\util\JsonFormat.java
Falha no Analyzer. UnsupportedOperation ao parsear arquivo. File: D:\Desenvolvimento\Projetos Github\running\bazelbuild bazel\third_party\protobuf\3.2.0\java\core\src\main\java\com\google\protobuf\GeneratedMessageLite.java
Falha no Analyzer. UnsupportedOperation ao parsear arquivo. File: D:\Desenvolvimento\Projetos Github\running\bazelbuild bazel\third_party\java\jarjar\jarjar-core\src\main\java\com\tonicsystems\jarjar\dependencies\DependencyFinder.java
Falha no Analyzer. UnsupportedOperation ao parsear arquivo. File: D:\Desenvolvimento\Projetos Github\running\bazelbuild bazel\src\main\java\com\google\devtools\build\lib\shell\Consumers.java
Falha no Analyzer. UnsupportedOperation ao parsear arquivo. File: D:\Desenvolvimento\Projetos Github\running\bazelbuild bazel\src\main\java\com\google\devtools\build\lib\remote\ByteStreamUploader.java
Falha no Analyzer. UnsupportedOperation ao parsear arquivo. File: D:\Desenvolvimento\Projetos Github\running\bazelbuild bazel\src\main\java\com\google\devtools\build\lib\query2\ParallelVisitor.java
Falha no Analyzer. UnsupportedOperation ao parsear arquivo. File: D:\Desenvolvimento\Projetos Github\running\bazelbuild bazel\src\main\java\com\google\devtools\build\lib\packages\PackageFactory.java
Falha no Analyzer. UnsupportedOperation ao parsear arquivo. File: D:\Desenvolvimento\Projetos Github\running\bazelbuild bazel\src\main\java\com\google\devtools\build\lib\packages\WorkspaceFactory.java
Falha no Analyzer. UnsupportedOperation ao parsear arquivo. File: D:\Desenvolvimento\Projetos Github\running\bazelbuild bazel\src\main\java\com\google\devtools\build\lib\analysis\DependencyResolver.java
Falha no Analyzer. UnsupportedOperation ao parsear arquivo. File: D:\Desenvolvimento\Projetos Github\running\bazelbuild bazel\src\java_tools\buildjar\java\com\google\devtools\build\java\bazel\BazelJavaCompiler.java

UNKNOWN ANCESTRAL

UNKNOWN SIGNALERS
Falha no Analyzer. A sinalização não é de um dos tipos suportados. Sinalização: 'runtime.newRuntimeError(e.getMessage())'. File: D:\Desenvolvimento\Projetos Github\running\bazelbuild bazel\third_party\protobuf\3.2.0\ruby\src\main\java\com\google\protobuf\jruby\RubyDescriptorPool.java
Falha no Analyzer. Tipo sinalizado não pôde ser resolvido. Sinalização: 'throw runtime.newTypeError("Expected symbols as hash keys in initialization map.");'. File: D:\Desenvolvimento\Projetos Github\running\bazelbuild bazel\third_party\protobuf\3.2.0\ruby\src\main\java\com\google\protobuf\jruby\RubyMessage.java
Falha no Analyzer. Sinalizado um NameExpr, mas a exceção não está na pilha. Expressão sinalizada: 'outOfSpaceException'. File: D:\Desenvolvimento\Projetos Github\running\bazelbuild bazel\third_party\protobuf\3.2.0\javanano\src\main\java\com\google\protobuf\nano\CodedOutputByteBufferNano.java
Falha no Analyzer. Tipo sinalizado não pôde ser resolvido. Sinalização: 'throw newUninitializedMessageException(message).asInvalidProtocolBufferException().setUnfinishedMessage(message);'. File: D:\Desenvolvimento\Projetos Github\running\bazelbuild bazel\third_party\protobuf\3.2.0\java\core\src\main\java\com\google\protobuf\AbstractParser.java
Falha no Analyzer. Sinalizado um NameExpr, mas a exceção não está na pilha. Expressão sinalizada: 'exception'. File: D:\Desenvolvimento\Projetos Github\running\bazelbuild bazel\third_party\protobuf\3.2.0\java\core\src\main\java\com\google\protobuf\ByteString.java
Falha no Analyzer. A sinalização não é de um dos tipos suportados. Sinalização: 'InvalidProtocolBufferException.truncatedMessage()'. File: D:\Desenvolvimento\Projetos Github\running\bazelbuild bazel\third_party\protobuf\3.2.0\java\core\src\main\java\com\google\protobuf\CodedInputStream.java
Falha no Analyzer. A sinalização não é de um dos tipos suportados. Sinalização: 'e.setUnfinishedMessage(builder.buildPartial())'. File: D:\Desenvolvimento\Projetos Github\running\bazelbuild bazel\third_party\protobuf\3.2.0\java\core\src\main\java\com\google\protobuf\DynamicMessage.java
Falha no Analyzer. A sinalização não é de um dos tipos suportados. Sinalização: 'e.unwrapIOException()'. File: D:\Desenvolvimento\Projetos Github\running\bazelbuild bazel\third_party\protobuf\3.2.0\java\core\src\main\java\com\google\protobuf\GeneratedMessage.java
Falha no Analyzer. A sinalização não é de um dos tipos suportados. Sinalização: 'e.unwrapIOException()'. File: D:\Desenvolvimento\Projetos Github\running\bazelbuild bazel\third_party\protobuf\3.2.0\java\core\src\main\java\com\google\protobuf\GeneratedMessageV3.java
Falha no Analyzer. A sinalização não é de um dos tipos suportados. Sinalização: 'e.setUnfinishedMessage(this)'. File: D:\Desenvolvimento\Projetos Github\running\bazelbuild bazel\third_party\protobuf\3.2.0\java\core\src\main\java\com\google\protobuf\MapEntry.java
Falha no Analyzer. A sinalização não é de um dos tipos suportados. Sinalização: 'integerParseException(e)'. File: D:\Desenvolvimento\Projetos Github\running\bazelbuild bazel\third_party\protobuf\3.2.0\java\core\src\main\java\com\google\protobuf\TextFormat.java
Falha no Analyzer. A sinalização não é de um dos tipos suportados. Sinalização: 'e.setUnfinishedMessage(builder.buildPartial())'. File: D:\Desenvolvimento\Projetos Github\running\bazelbuild bazel\third_party\protobuf\3.2.0\java\core\src\main\java\com\google\protobuf\UnknownFieldSet.java
Falha no Analyzer. A sinalização não é de um dos tipos suportados. Sinalização: 'reflectionException(ex)'. File: D:\Desenvolvimento\Projetos Github\running\bazelbuild bazel\third_party\java\jopt-simple\src\main\java\joptsimple\internal\Reflection.java
Falha no Analyzer. Sinalizado um NameExpr, mas a exceção não está na pilha. Expressão sinalizada: 'e2'. File: D:\Desenvolvimento\Projetos Github\running\bazelbuild bazel\third_party\java\apkbuilder\java\com\android\prefs\AndroidLocation.java
Falha no Analyzer. Tipo sinalizado não pôde ser resolvido. Sinalização: 'throw new AssertionError("event task without a type element");'. File: D:\Desenvolvimento\Projetos Github\running\bazelbuild bazel\third_party\checker_framework_javacutil\java\org\checkerframework\javacutil\AbstractTypeProcessor.java
Falha no Analyzer. Sinalizado um NameExpr, mas a exceção não está na pilha. Expressão sinalizada: 'err'. File: D:\Desenvolvimento\Projetos Github\running\bazelbuild bazel\third_party\checker_framework_javacutil\java\org\checkerframework\javacutil\Resolver.java
Falha no Analyzer. Tipo sinalizado não pôde ser resolvido. Sinalização: 'throw new AssertionError("case visitor is implemented in SwitchBuilder");'. File: D:\Desenvolvimento\Projetos Github\running\bazelbuild bazel\third_party\checker_framework_dataflow\java\org\checkerframework\dataflow\cfg\CFGBuilder.java
Falha no Analyzer. Tipo sinalizado não pôde ser resolvido. Sinalização: '// compilation).
throw new RuntimeException();'. File: D:\Desenvolvimento\Projetos Github\running\bazelbuild bazel\third_party\checker_framework_dataflow\java\org\checkerframework\dataflow\cfg\JavaSource2CFGDOT.java
Falha no Analyzer. A sinalização não é de um dos tipos suportados. Sinalização: 'MergingException.wrapException(e)'. File: D:\Desenvolvimento\Projetos Github\running\bazelbuild bazel\src\tools\android\java\com\google\devtools\build\android\AndroidDataMerger.java
Falha no Analyzer. A sinalização não é de um dos tipos suportados. Sinalização: 'MergingException.wrapException(e)'. File: D:\Desenvolvimento\Projetos Github\running\bazelbuild bazel\src\tools\android\java\com\google\devtools\build\android\AndroidResourceMerger.java
Falha no Analyzer. Tipo sinalizado não pôde ser resolvido. Sinalização: 'throw new IllegalArgumentException(text + " is not in the format " + commandlineFormat(""));'. File: D:\Desenvolvimento\Projetos Github\running\bazelbuild bazel\src\tools\android\java\com\google\devtools\build\android\DependencySymbolFileProvider.java
Falha no Analyzer. Sinalizado um tipo que não é uma classe. File: D:\Desenvolvimento\Projetos Github\running\bazelbuild bazel\src\tools\android\java\com\google\devtools\build\android\FailedFutureAggregator.java
Falha no Analyzer. Tipo sinalizado não pôde ser resolvido. Sinalização: 'throw e;'. File: D:\Desenvolvimento\Projetos Github\running\bazelbuild bazel\src\tools\android\java\com\google\devtools\build\android\LibraryRClassGeneratorAction.java
Falha no Analyzer. Tipo sinalizado não pôde ser resolvido. Sinalização: 'throw new XMLStreamException(String.format("Expected start element %s", element), element.getLocation());'. File: D:\Desenvolvimento\Projetos Github\running\bazelbuild bazel\src\tools\android\java\com\google\devtools\build\android\XmlResourceValues.java
Falha no Analyzer. Tipo sinalizado não pôde ser resolvido. Sinalização: 'throw new XMLStreamException(String.format("Expected start element %s", element), element.getLocation());'. File: D:\Desenvolvimento\Projetos Github\running\bazelbuild bazel\src\tools\android\java\com\google\devtools\build\android\xml\ArrayXmlResourceValue.java
Falha no Analyzer. Tipo sinalizado não pôde ser resolvido. Sinalização: 'throw new XMLStreamException(String.format("Unexpected [%s]; Expected %s", endTag, "</enum>"), endTag.getLocation());'. File: D:\Desenvolvimento\Projetos Github\running\bazelbuild bazel\src\tools\android\java\com\google\devtools\build\android\xml\AttrXmlResourceValue.java
Falha no Analyzer. Tipo sinalizado não pôde ser resolvido. Sinalização: 'throw SchedulerException.ofError(errorEntry.getErrorInfo(), entry.getKey());'. File: D:\Desenvolvimento\Projetos Github\running\bazelbuild bazel\src\main\java\com\google\devtools\build\skyframe\ParallelEvaluator.java
Falha no Analyzer. Sinalizado um tipo que não é uma classe. File: D:\Desenvolvimento\Projetos Github\running\bazelbuild bazel\src\main\java\com\google\devtools\build\skyframe\ValueOrExceptionUtils.java
Falha no Analyzer. Tipo sinalizado não pôde ser resolvido. Sinalização: 'throw new IllegalStateException(String.format("\"%1$s\" JVM flag is not set. Use the --host_jvm_args flag or export the " + "BAZEL_SH environment variable. For example " + "\"--host_jvm_args=-D%1$s=c:/tools/msys64\" or " + "\"set BAZEL_SH=c:/tools/msys64/usr/bin/bash.exe\". " + "parent=(%2$s) name=(%3$s)", jvmFlag, parent, child));'. File: D:\Desenvolvimento\Projetos Github\running\bazelbuild bazel\src\main\java\com\google\devtools\build\lib\windows\WindowsFileSystem.java
Falha no Analyzer. Sinalizado um NameExpr, mas a exceção não está na pilha. Expressão sinalizada: 'ex'. File: D:\Desenvolvimento\Projetos Github\running\bazelbuild bazel\src\main\java\com\google\devtools\build\lib\windows\jni\WindowsJniLoader.java
Falha no Analyzer. Tipo sinalizado não pôde ser resolvido. Sinalização: 'throw new NotASymlinkException(path);'. File: D:\Desenvolvimento\Projetos Github\running\bazelbuild bazel\src\main\java\com\google\devtools\build\lib\vfs\JavaIoFileSystem.java
Falha no Analyzer. Tipo sinalizado não pôde ser resolvido. Sinalização: 'throw new NotASymlinkException(path);'. File: D:\Desenvolvimento\Projetos Github\running\bazelbuild bazel\src\main\java\com\google\devtools\build\lib\vfs\ZipFileSystem.java
Falha no Analyzer. Tipo sinalizado não pôde ser resolvido. Sinalização: 'throw new NotASymlinkException(path);'. File: D:\Desenvolvimento\Projetos Github\running\bazelbuild bazel\src\main\java\com\google\devtools\build\lib\vfs\inmemoryfs\InMemoryFileSystem.java
Falha no Analyzer. Tipo sinalizado não pôde ser resolvido. Sinalização: '// EINVAL => not a symbolic link.  Anything else is a real error.
throw e.getMessage().endsWith("(Invalid argument)") ? new NotASymlinkException(path) : e;'. File: D:\Desenvolvimento\Projetos Github\running\bazelbuild bazel\src\main\java\com\google\devtools\build\lib\unix\UnixFileSystem.java
Falha no Analyzer. A sinalização não é de um dos tipos suportados. Sinalização: '((EvalException) e).ensureLocation(loc)'. File: D:\Desenvolvimento\Projetos Github\running\bazelbuild bazel\src\main\java\com\google\devtools\build\lib\syntax\BuiltinFunction.java
Falha no Analyzer. A sinalização não é de um dos tipos suportados. Sinalização: 'maybeTransformException(ex)'. File: D:\Desenvolvimento\Projetos Github\running\bazelbuild bazel\src\main\java\com\google\devtools\build\lib\syntax\Expression.java
Falha no Analyzer. A sinalização não é de um dos tipos suportados. Sinalização: 'maybeTransformException(ex)'. File: D:\Desenvolvimento\Projetos Github\running\bazelbuild bazel\src\main\java\com\google\devtools\build\lib\syntax\Statement.java
Falha no Analyzer. Tipo sinalizado não pôde ser resolvido. Sinalização: 'throw makeMissingInputFileException(artifact, mandatory, e, env.getListener());'. File: D:\Desenvolvimento\Projetos Github\running\bazelbuild bazel\src\main\java\com\google\devtools\build\lib\skyframe\ArtifactFunction.java
Falha no Analyzer. A sinalização não é de um dos tipos suportados. Sinalização: 'propagateSkylarkImportFailedException(packageId, e)'. File: D:\Desenvolvimento\Projetos Github\running\bazelbuild bazel\src\main\java\com\google\devtools\build\lib\skyframe\PackageFunction.java
Falha no Analyzer. A sinalização não é de um dos tipos suportados. Sinalização: 'processAndThrow(e, action, actionExecutionContext.getFileOutErr())'. File: D:\Desenvolvimento\Projetos Github\running\bazelbuild bazel\src\main\java\com\google\devtools\build\lib\skyframe\SkyframeActionExecutor.java
Falha no Analyzer. A sinalização não é de um dos tipos suportados. Sinalização: 'SkylarkImportFailedException.errorReadingFile(filePath, e)'. File: D:\Desenvolvimento\Projetos Github\running\bazelbuild bazel\src\main\java\com\google\devtools\build\lib\skyframe\SkylarkImportLookupFunction.java
Falha no Analyzer. A sinalização não é de um dos tipos suportados. Sinalização: 'status.exited() ? new BadExitStatusException(this, noOutputResult, message, ioe) : new AbnormalTerminationException(this, noOutputResult, message, ioe)'. File: D:\Desenvolvimento\Projetos Github\running\bazelbuild bazel\src\main\java\com\google\devtools\build\lib\shell\Command.java
Falha no Analyzer. Tipo sinalizado não pôde ser resolvido. Sinalização: '// Shouldn't get here.
throw e;'. File: D:\Desenvolvimento\Projetos Github\running\bazelbuild bazel\src\main\java\com\google\devtools\build\lib\runtime\BlazeRuntime.java
Falha no Analyzer. Tipo sinalizado não pôde ser resolvido. Sinalização: 'throw new IllegalStateException("Can't find tenured space; update this class for a new collector");'. File: D:\Desenvolvimento\Projetos Github\running\bazelbuild bazel\src\main\java\com\google\devtools\build\lib\runtime\RetainedHeapLimiter.java
Falha no Analyzer. A sinalização não é de um dos tipos suportados. Sinalização: 'e.toActionExecutionException(this)'. File: D:\Desenvolvimento\Projetos Github\running\bazelbuild bazel\src\main\java\com\google\devtools\build\lib\rules\test\TestRunnerAction.java
Falha no Analyzer. Tipo sinalizado não pôde ser resolvido. Sinalização: 'throw ruleContext.throwWithAttributeError(AppleStubBinaryRule.XCENV_BASED_PATH_ATTR, String.format(PATH_INCORRECTLY_ROOTED_ERROR_FORMAT, StringUtil.joinEnglishList(XcenvBasedPathVariableContext.DEFINED_VARS, "or")));'. File: D:\Desenvolvimento\Projetos Github\running\bazelbuild bazel\src\main\java\com\google\devtools\build\lib\rules\objc\AppleStubBinary.java
Falha no Analyzer. A sinalização não é de um dos tipos suportados. Sinalização: 'ruleContext.throwWithAttributeError(PlatformRule.PLATFORM_TYPE_ATTR_NAME, String.format(UNSUPPORTED_PLATFORM_TYPE_ERROR_FORMAT, attributeValue))'. File: D:\Desenvolvimento\Projetos Github\running\bazelbuild bazel\src\main\java\com\google\devtools\build\lib\rules\objc\MultiArchSplitTransitionProvider.java
Falha no Analyzer. A sinalização não é de um dos tipos suportados. Sinalização: 'e.toActionExecutionException("Header thinning of rule '" + getOwner().getLabel() + "'", actionExecutionContext.getVerboseFailures(), this)'. File: D:\Desenvolvimento\Projetos Github\running\bazelbuild bazel\src\main\java\com\google\devtools\build\lib\rules\objc\ObjcCompileAction.java
Falha no Analyzer. A sinalização não é de um dos tipos suportados. Sinalização: 'e.toActionExecutionException("Include scanning of rule '" + getOwner().getLabel() + "'", actionExecutionContext.getVerboseFailures(), this)'. File: D:\Desenvolvimento\Projetos Github\running\bazelbuild bazel\src\main\java\com\google\devtools\build\lib\rules\cpp\CppCompileAction.java
Falha no Analyzer. A sinalização não é de um dos tipos suportados. Sinalização: 'e.toActionExecutionException("Linking of rule '" + getOwner().getLabel() + "'", actionExecutionContext.getVerboseFailures(), this)'. File: D:\Desenvolvimento\Projetos Github\running\bazelbuild bazel\src\main\java\com\google\devtools\build\lib\rules\cpp\CppLinkAction.java
Falha no Analyzer. A sinalização não é de um dos tipos suportados. Sinalização: 'e.toActionExecutionException(this)'. File: D:\Desenvolvimento\Projetos Github\running\bazelbuild bazel\src\main\java\com\google\devtools\build\lib\rules\cpp\ExtractInclusionAction.java
Falha no Analyzer. A sinalização não é de um dos tipos suportados. Sinalização: 'e.toActionExecutionException("C++ compilation of rule '" + getOwner().getLabel() + "'", actionExecutionContext.getVerboseFailures(), this)'. File: D:\Desenvolvimento\Projetos Github\running\bazelbuild bazel\src\main\java\com\google\devtools\build\lib\rules\cpp\FakeCppCompileAction.java
Falha no Analyzer. Tipo sinalizado não pôde ser resolvido. Sinalização: 'throw new IllegalArgumentException("No supported apple platform registered for target cpu " + targetCpu);'. File: D:\Desenvolvimento\Projetos Github\running\bazelbuild bazel\src\main\java\com\google\devtools\build\lib\rules\apple\ApplePlatform.java
Falha no Analyzer. Tipo sinalizado não pôde ser resolvido. Sinalização: 'throw new RuleErrorException();'. File: D:\Desenvolvimento\Projetos Github\running\bazelbuild bazel\src\main\java\com\google\devtools\build\lib\rules\android\AndroidBinary.java
Falha no Analyzer. Tipo sinalizado não pôde ser resolvido. Sinalização: 'throw new TargetNotFoundException(e);'. File: D:\Desenvolvimento\Projetos Github\running\bazelbuild bazel\src\main\java\com\google\devtools\build\lib\query2\BlazeQueryEnvironment.java
Falha no Analyzer. Tipo sinalizado não pôde ser resolvido. Sinalização: 'throw new TargetNotFoundException(e);'. File: D:\Desenvolvimento\Projetos Github\running\bazelbuild bazel\src\main\java\com\google\devtools\build\lib\query2\SkyQueryEnvironment.java
Falha no Analyzer. Sinalizado um NameExpr, mas a exceção não está na pilha. Expressão sinalizada: 'ioException'. File: D:\Desenvolvimento\Projetos Github\running\bazelbuild bazel\src\main\java\com\google\devtools\build\lib\query2\engine\OutputFormatterCallback.java
Falha no Analyzer. Tipo sinalizado não pôde ser resolvido. Sinalização: 'throw conflictingOutputFile(outputFile, outputFilePrefixes.get(outputFileName));'. File: D:\Desenvolvimento\Projetos Github\running\bazelbuild bazel\src\main\java\com\google\devtools\build\lib\packages\Package.java
Falha no Analyzer. A sinalização não é de um dos tipos suportados. Sinalização: 'e.toActionExecutionException(action.getProgressMessage(), actionExecutionContext.getVerboseFailures(), action)'. File: D:\Desenvolvimento\Projetos Github\running\bazelbuild bazel\src\main\java\com\google\devtools\build\lib\exec\SymlinkTreeStrategy.java
Falha no Analyzer. Tipo sinalizado não pôde ser resolvido. Sinalização: 'throw makeExceptionForInvalidStrategyValue(entry.getValue(), Joiner.on(' ').skipNulls().join(strategy, "spawn"), strategyConverter.getValidValues(SpawnActionContext.class));'. File: D:\Desenvolvimento\Projetos Github\running\bazelbuild bazel\src\main\java\com\google\devtools\build\lib\buildtool\ExecutionTool.java
Falha no Analyzer. Tipo sinalizado não pôde ser resolvido. Sinalização: 'throw new RuleErrorException();'. File: D:\Desenvolvimento\Projetos Github\running\bazelbuild bazel\src\main\java\com\google\devtools\build\lib\bazel\rules\sh\ShBinary.java
Falha no Analyzer. Tipo sinalizado não pôde ser resolvido. Sinalização: 'throw new RepositoryFunctionException(e, Transience.PERSISTENT);'. File: D:\Desenvolvimento\Projetos Github\running\bazelbuild bazel\src\main\java\com\google\devtools\build\lib\bazel\repository\HttpFileFunction.java
Falha no Analyzer. Tipo sinalizado não pôde ser resolvido. Sinalização: 'throw new RepositoryFunctionException(new EvalException(rule.getLocation(), rule + " specifies both " + "'repository' and 'server', which are mutually exclusive options"), Transience.PERSISTENT);'. File: D:\Desenvolvimento\Projetos Github\running\bazelbuild bazel\src\main\java\com\google\devtools\build\lib\bazel\repository\MavenJarFunction.java
Falha no Analyzer. Tipo sinalizado não pôde ser resolvido. Sinalização: 'throw new RepositoryFunctionException(new IOException("Could not create directory for " + rule.getName() + ": " + e.getMessage()), Transience.TRANSIENT);'. File: D:\Desenvolvimento\Projetos Github\running\bazelbuild bazel\src\main\java\com\google\devtools\build\lib\bazel\repository\NewHttpArchiveFunction.java
Falha no Analyzer. Sinalizado um tipo que não é uma classe. File: D:\Desenvolvimento\Projetos Github\running\bazelbuild bazel\src\main\java\com\google\devtools\build\lib\bazel\repository\downloader\RetryingInputStream.java
Falha no Analyzer. A sinalização não é de um dos tipos suportados. Sinalização: 'e.toActionExecutionException("Writing file for rule '" + Label.print(getOwner().getLabel()) + "'", actionExecutionContext.getVerboseFailures(), this)'. File: D:\Desenvolvimento\Projetos Github\running\bazelbuild bazel\src\main\java\com\google\devtools\build\lib\analysis\actions\AbstractFileWriteAction.java
Falha no Analyzer. A sinalização não é de um dos tipos suportados. Sinalização: 'e.toActionExecutionException(getMnemonic() + " action failed for target: " + getOwner().getLabel(), actionExecutionContext.getVerboseFailures(), this)'. File: D:\Desenvolvimento\Projetos Github\running\bazelbuild bazel\src\main\java\com\google\devtools\build\lib\analysis\actions\PopulateTreeArtifactAction.java
Falha no Analyzer. A sinalização não é de um dos tipos suportados. Sinalização: 'e.toActionExecutionException(failMessage, actionExecutionContext.getVerboseFailures(), this)'. File: D:\Desenvolvimento\Projetos Github\running\bazelbuild bazel\src\main\java\com\google\devtools\build\lib\analysis\actions\SpawnAction.java
Falha no Analyzer. Tipo sinalizado não pôde ser resolvido. Sinalização: 'throw new AssertionError("Expected a single creation of BlazeJavaCompiler.");'. File: D:\Desenvolvimento\Projetos Github\running\bazelbuild bazel\src\java_tools\buildjar\java\com\google\devtools\build\buildjar\javac\BlazeJavaCompiler.java

